<?xml version="1.0" encoding="UTF-8"?>
<testsuite xmlns:xsi="http://www.w3.org/2001/XMLSchema-instance" xsi:noNamespaceSchemaLocation="https://maven.apache.org/surefire/maven-surefire-plugin/xsd/surefire-test-report-3.0.xsd" version="3.0" name="runner.TestRunner" time="22.228" tests="1" errors="0" skipped="0" failures="1">
  <properties>
[...]
</properties>
  <testcase name="Add and Delete a User in OrangeHRM" classname="OrangeHRM User Management" time="21.78">
    <failure message="expected:&lt;11&gt; but was:&lt;10&gt;" type="java.lang.AssertionError"><![CDATA[java.lang.AssertionError: expected:<11> but was:<10>
	at org.junit.Assert.fail(Assert.java:89)
	at org.junit.Assert.failNotEquals(Assert.java:835)
	at org.junit.Assert.assertEquals(Assert.java:647)
	at org.junit.Assert.assertEquals(Assert.java:633)
	at stepdefinitions.AdminSteps.i_verify_user_count_decreased(AdminSteps.java:64)
	at ✽.I verify the number of users decreased by 1(file:///C:/Users/11795/Belron-Workspace/HRM-Automation/src/test/resources/features/UserManagement.feature:19)
]]></failure>
    <system-out><![CDATA[
Scenario: Add and Delete a User in OrangeHRM                  &amp#27;[90m# src/test/resources/features/UserManagement.feature:3&amp#27;[0m
  &amp#27;[32mGiven &amp#27;[0m&amp#27;[32mI navigate to the OrangeHRM login page&amp#27;[0m                &amp#27;[90m# stepdefinitions.LoginSteps.i_navigate_to_login_page()&amp#27;[0m
  &amp#27;[32mWhen &amp#27;[0m&amp#27;[32mI enter &amp#27;[0m&amp#27;[32m&amp#27;[1m"Admin"&amp#27;[0m&amp#27;[32m as username and &amp#27;[0m&amp#27;[32m&amp#27;[1m"admin123"&amp#27;[0m&amp#27;[32m as password&amp#27;[0m &amp#27;[90m# stepdefinitions.LoginSteps.i_enter_credentials(java.lang.String,java.lang.String)&amp#27;[0m
  &amp#27;[32mAnd &amp#27;[0m&amp#27;[32mI click the login button&amp#27;[0m                                &amp#27;[90m# stepdefinitions.LoginSteps.i_click_the_login_button()&amp#27;[0m
  &amp#27;[32mThen &amp#27;[0m&amp#27;[32mI should be redirected to the dashboard&amp#27;[0m                &amp#27;[90m# stepdefinitions.LoginSteps.i_should_be_redirected_to_dashboard()&amp#27;[0m
xxxxx admin tab clicked xxxxx
  &amp#27;[32mWhen &amp#27;[0m&amp#27;[32mI navigate to Admin section&amp#27;[0m                            &amp#27;[90m# stepdefinitions.AdminSteps.i_navigate_to_admin_section()&amp#27;[0m
Raw user count text: (11) Records Found
User count extracted: 11
  &amp#27;[32mAnd &amp#27;[0m&amp#27;[32mI get the current number of users&amp#27;[0m                       &amp#27;[90m# stepdefinitions.AdminSteps.i_get_current_user_count()&amp#27;[0m
xxxxx add user clicked xxxxx
  &amp#27;[32mAnd &amp#27;[0m&amp#27;[32mI click on the add button&amp#27;[0m                               &amp#27;[90m# stepdefinitions.AdminSteps.i_click_on_add_button()&amp#27;[0m
Selecting User Role: Admin
Clicked dropdown for: Admin
Dropdown container found.
Available Options:
  - -- Select --
  - Admin
  - ESS
Selected: Admin
Employee name typed: a
Selected employee using keyboard: a
Employee name entered
Selecting Status: Enabled
Clicked dropdown for: Enabled
Dropdown container found.
Available Options:
  - -- Select --
  - Enabled
  - Disabled
Selected: Enabled
Username entered using JavaScript: TestUser_1741861783059
Username entered: TestUser_1741861783059
Password entered
Password confirmation entered
Save button clicked
User added successfully
  &amp#27;[32mAnd &amp#27;[0m&amp#27;[32mI fill in the new user details&amp#27;[0m                          &amp#27;[90m# stepdefinitions.AdminSteps.i_fill_in_new_user_details()&amp#27;[0m
User Added: TestUser_1741861783059
  &amp#27;[32mAnd &amp#27;[0m&amp#27;[32mI click save&amp#27;[0m                                            &amp#27;[90m# stepdefinitions.AdminSteps.i_click_save()&amp#27;[0m
Raw user count text: (12) Records Found
User count extracted: 12
  &amp#27;[32mThen &amp#27;[0m&amp#27;[32mI verify the number of users increased by 1&amp#27;[0m            &amp#27;[90m# stepdefinitions.AdminSteps.i_verify_user_count_increased()&amp#27;[0m
  &amp#27;[32mWhen &amp#27;[0m&amp#27;[32mI search for the new user&amp#27;[0m                              &amp#27;[90m# stepdefinitions.AdminSteps.i_search_for_new_user()&amp#27;[0m
Trash icon clicked.
  &amp#27;[32mAnd &amp#27;[0m&amp#27;[32mI delete the new user&amp#27;[0m                                   &amp#27;[90m# stepdefinitions.AdminSteps.i_delete_new_user()&amp#27;[0m
Raw user count text: (10) Records Found
User count extracted: 10
  &amp#27;[31mThen &amp#27;[0m&amp#27;[31mI verify the number of users decreased by 1&amp#27;[0m            &amp#27;[90m# stepdefinitions.AdminSteps.i_verify_user_count_decreased()&amp#27;[0m
      &amp#27;[31mjava.lang.AssertionError: expected:<11> but was:<10>
	at org.junit.Assert.fail(Assert.java:89)
	at org.junit.Assert.failNotEquals(Assert.java:835)
	at org.junit.Assert.assertEquals(Assert.java:647)
	at org.junit.Assert.assertEquals(Assert.java:633)
	at stepdefinitions.AdminSteps.i_verify_user_count_decreased(AdminSteps.java:64)
	at ✽.I verify the number of users decreased by 1(file:///C:/Users/11795/Belron-Workspace/HRM-Automation/src/test/resources/features/UserManagement.feature:19)
&amp#27;[0m
]]></system-out>
    <system-err><![CDATA[SLF4J: No SLF4J providers were found.
SLF4J: Defaulting to no-operation (NOP) logger implementation
SLF4J: See https://www.slf4j.org/codes.html#noProviders for further details.
Starting ChromeDriver 133.0.6943.141 (2a5d6da0d6165d7b107502095a937fe7704fcef6-refs/branch-heads/6943@{#1912}) on port 46952
Only local connections are allowed.
Please see https://chromedriver.chromium.org/security-considerations for suggestions on keeping ChromeDriver safe.
ChromeDriver was started successfully on port 46952.
Mar 13, 2025 12:29:38 PM org.openqa.selenium.devtools.CdpVersionFinder findNearestMatch
WARNING: Unable to find CDP implementation matching 133
Mar 13, 2025 12:29:38 PM org.openqa.selenium.chromium.ChromiumDriver lambda$new$3
WARNING: Unable to find version of CDP to use for . You may need to include a dependency on a specific version of the CDP using something similar to `org.seleniumhq.selenium:selenium-devtools-v86:4.9.1` where the version ("v86") matches the version of the chromium-based browser you're using and the version number of the artifact is the same as Selenium's.
]]></system-err>
  </testcase>
</testsuite>